<?xml version="1.0" encoding="UTF-8"?>
<coverage generated="1624992255529" clover="3.2.0">
  <project timestamp="1624992255529" name="All files">
    <metrics statements="137" coveredstatements="97" conditionals="33" coveredconditionals="15" methods="63" coveredmethods="49" elements="233" coveredelements="161" complexity="0" loc="137" ncloc="137" packages="11" files="18" classes="18"/>
    <package name="components.Form.Button">
      <metrics statements="6" coveredstatements="6" conditionals="0" coveredconditionals="0" methods="4" coveredmethods="4"/>
      <file name="index.tsx" path="D:\Ignite\GoFinances\src\components\Form\Button\index.tsx">
        <metrics statements="1" coveredstatements="1" conditionals="0" coveredconditionals="0" methods="1" coveredmethods="1"/>
        <line num="16" count="4" type="stmt"/>
      </file>
      <file name="styles.ts" path="D:\Ignite\GoFinances\src\components\Form\Button\styles.ts">
        <metrics statements="5" coveredstatements="5" conditionals="0" coveredconditionals="0" methods="3" coveredmethods="3"/>
        <line num="5" count="1" type="stmt"/>
        <line num="7" count="4" type="stmt"/>
        <line num="13" count="1" type="stmt"/>
        <line num="14" count="4" type="stmt"/>
        <line num="16" count="4" type="stmt"/>
      </file>
    </package>
    <package name="components.Form.CategorySelectButton">
      <metrics statements="8" coveredstatements="8" conditionals="0" coveredconditionals="0" methods="5" coveredmethods="5"/>
      <file name="index.tsx" path="D:\Ignite\GoFinances\src\components\Form\CategorySelectButton\index.tsx">
        <metrics statements="1" coveredstatements="1" conditionals="0" coveredconditionals="0" methods="1" coveredmethods="1"/>
        <line num="19" count="2" type="stmt"/>
      </file>
      <file name="styles.ts" path="D:\Ignite\GoFinances\src\components\Form\CategorySelectButton\styles.ts">
        <metrics statements="7" coveredstatements="7" conditionals="0" coveredconditionals="0" methods="4" coveredmethods="4"/>
        <line num="6" count="1" type="stmt"/>
        <line num="9" count="2" type="stmt"/>
        <line num="17" count="1" type="stmt"/>
        <line num="18" count="2" type="stmt"/>
        <line num="20" count="2" type="stmt"/>
        <line num="23" count="1" type="stmt"/>
        <line num="25" count="2" type="stmt"/>
      </file>
    </package>
    <package name="components.Form.Input">
      <metrics statements="6" coveredstatements="6" conditionals="3" coveredconditionals="3" methods="5" coveredmethods="5"/>
      <file name="index.tsx" path="D:\Ignite\GoFinances\src\components\Form\Input\index.tsx">
        <metrics statements="1" coveredstatements="1" conditionals="1" coveredconditionals="1" methods="1" coveredmethods="1"/>
        <line num="14" count="5" type="stmt"/>
      </file>
      <file name="styles.ts" path="D:\Ignite\GoFinances\src\components\Form\Input\styles.ts">
        <metrics statements="5" coveredstatements="5" conditionals="2" coveredconditionals="2" methods="4" coveredmethods="4"/>
        <line num="9" count="2" type="stmt"/>
        <line num="11" count="5" type="stmt"/>
        <line num="14" count="5" type="stmt"/>
        <line num="15" count="5" type="stmt"/>
        <line num="18" count="5" type="cond" truecount="2" falsecount="0"/>
      </file>
    </package>
    <package name="components.Form.InputForm">
      <metrics statements="6" coveredstatements="4" conditionals="2" coveredconditionals="1" methods="4" coveredmethods="2"/>
      <file name="index.tsx" path="D:\Ignite\GoFinances\src\components\Form\InputForm\index.tsx">
        <metrics statements="2" coveredstatements="2" conditionals="2" coveredconditionals="1" methods="2" coveredmethods="2"/>
        <line num="21" count="4" type="stmt"/>
        <line num="26" count="4" type="stmt"/>
      </file>
      <file name="styles.ts" path="D:\Ignite\GoFinances\src\components\Form\InputForm\styles.ts">
        <metrics statements="4" coveredstatements="2" conditionals="0" coveredconditionals="0" methods="2" coveredmethods="0"/>
        <line num="4" count="1" type="stmt"/>
        <line num="8" count="1" type="stmt"/>
        <line num="9" count="0" type="stmt"/>
        <line num="11" count="0" type="stmt"/>
      </file>
    </package>
    <package name="components.Form.TransactionTypeButton">
      <metrics statements="15" coveredstatements="13" conditionals="10" coveredconditionals="5" methods="10" coveredmethods="8"/>
      <file name="index.tsx" path="D:\Ignite\GoFinances\src\components\Form\TransactionTypeButton\index.tsx">
        <metrics statements="2" coveredstatements="2" conditionals="0" coveredconditionals="0" methods="1" coveredmethods="1"/>
        <line num="10" count="1" type="stmt"/>
        <line num="27" count="4" type="stmt"/>
      </file>
      <file name="styles.ts" path="D:\Ignite\GoFinances\src\components\Form\TransactionTypeButton\styles.ts">
        <metrics statements="13" coveredstatements="11" conditionals="10" coveredconditionals="5" methods="9" coveredmethods="7"/>
        <line num="15" count="1" type="stmt"/>
        <line num="17" count="4" type="cond" truecount="1" falsecount="1"/>
        <line num="19" count="4" type="stmt"/>
        <line num="21" count="4" type="cond" truecount="1" falsecount="2"/>
        <line num="22" count="0" type="stmt"/>
        <line num="24" count="4" type="cond" truecount="1" falsecount="2"/>
        <line num="25" count="0" type="stmt"/>
        <line num="29" count="1" type="stmt"/>
        <line num="36" count="1" type="stmt"/>
        <line num="40" count="4" type="cond" truecount="2" falsecount="0"/>
        <line num="43" count="1" type="stmt"/>
        <line num="44" count="4" type="stmt"/>
        <line num="46" count="4" type="stmt"/>
      </file>
    </package>
    <package name="global.styles">
      <metrics statements="0" coveredstatements="0" conditionals="0" coveredconditionals="0" methods="0" coveredmethods="0"/>
      <file name="theme.ts" path="D:\Ignite\GoFinances\src\global\styles\theme.ts">
        <metrics statements="0" coveredstatements="0" conditionals="0" coveredconditionals="0" methods="0" coveredmethods="0"/>
      </file>
    </package>
    <package name="hooks">
      <metrics statements="31" coveredstatements="18" conditionals="6" coveredconditionals="3" methods="7" coveredmethods="5"/>
      <file name="auth.tsx" path="D:\Ignite\GoFinances\src\hooks\auth.tsx">
        <metrics statements="31" coveredstatements="18" conditionals="6" coveredconditionals="3" methods="7" coveredmethods="5"/>
        <line num="32" count="2" type="stmt"/>
        <line num="36" count="5" type="stmt"/>
        <line num="37" count="5" type="stmt"/>
        <line num="39" count="5" type="stmt"/>
        <line num="42" count="2" type="stmt"/>
        <line num="43" count="2" type="stmt"/>
        <line num="49" count="2" type="cond" truecount="2" falsecount="0"/>
        <line num="50" count="1" type="stmt"/>
        <line num="56" count="1" type="stmt"/>
        <line num="57" count="1" type="stmt"/>
        <line num="60" count="0" type="stmt"/>
        <line num="65" count="0" type="stmt"/>
        <line num="66" count="0" type="stmt"/>
        <line num="73" count="0" type="cond" truecount="0" falsecount="2"/>
        <line num="74" count="0" type="stmt"/>
        <line num="75" count="0" type="stmt"/>
        <line num="81" count="0" type="stmt"/>
        <line num="82" count="0" type="stmt"/>
        <line num="85" count="0" type="stmt"/>
        <line num="90" count="0" type="stmt"/>
        <line num="91" count="0" type="stmt"/>
        <line num="94" count="5" type="stmt"/>
        <line num="96" count="2" type="stmt"/>
        <line num="98" count="2" type="cond" truecount="1" falsecount="1"/>
        <line num="99" count="0" type="stmt"/>
        <line num="100" count="0" type="stmt"/>
        <line num="102" count="2" type="stmt"/>
        <line num="104" count="2" type="stmt"/>
        <line num="107" count="5" type="stmt"/>
        <line num="121" count="7" type="stmt"/>
        <line num="122" count="7" type="stmt"/>
      </file>
    </package>
    <package name="screens.CategorySelect">
      <metrics statements="23" coveredstatements="21" conditionals="2" coveredconditionals="1" methods="15" coveredmethods="13"/>
      <file name="index.tsx" path="D:\Ignite\GoFinances\src\screens\CategorySelect\index.tsx">
        <metrics statements="6" coveredstatements="4" conditionals="0" coveredconditionals="0" methods="6" coveredmethods="4"/>
        <line num="36" count="0" type="stmt"/>
        <line num="39" count="2" type="stmt"/>
        <line num="49" count="12" type="stmt"/>
        <line num="51" count="12" type="stmt"/>
        <line num="52" count="0" type="stmt"/>
        <line num="59" count="10" type="stmt"/>
      </file>
      <file name="styles.ts" path="D:\Ignite\GoFinances\src\screens\CategorySelect\styles.ts">
        <metrics statements="17" coveredstatements="17" conditionals="2" coveredconditionals="1" methods="9" coveredmethods="9"/>
        <line num="13" count="1" type="stmt"/>
        <line num="15" count="2" type="stmt"/>
        <line num="18" count="1" type="stmt"/>
        <line num="21" count="2" type="stmt"/>
        <line num="27" count="1" type="stmt"/>
        <line num="28" count="2" type="stmt"/>
        <line num="30" count="2" type="stmt"/>
        <line num="33" count="1" type="stmt"/>
        <line num="39" count="12" type="cond" truecount="1" falsecount="1"/>
        <line num="43" count="1" type="stmt"/>
        <line num="46" count="12" type="stmt"/>
        <line num="49" count="1" type="stmt"/>
        <line num="50" count="12" type="stmt"/>
        <line num="52" count="12" type="stmt"/>
        <line num="55" count="1" type="stmt"/>
        <line num="58" count="10" type="stmt"/>
        <line num="61" count="1" type="stmt"/>
      </file>
    </package>
    <package name="screens.Profile">
      <metrics statements="1" coveredstatements="1" conditionals="0" coveredconditionals="0" methods="2" coveredmethods="1"/>
      <file name="index.tsx" path="D:\Ignite\GoFinances\src\screens\Profile\index.tsx">
        <metrics statements="1" coveredstatements="1" conditionals="0" coveredconditionals="0" methods="2" coveredmethods="1"/>
        <line num="11" count="3" type="stmt"/>
      </file>
    </package>
    <package name="screens.Register">
      <metrics statements="40" coveredstatements="19" conditionals="10" coveredconditionals="2" methods="11" coveredmethods="6"/>
      <file name="index.tsx" path="D:\Ignite\GoFinances\src\screens\Register\index.tsx">
        <metrics statements="30" coveredstatements="9" conditionals="10" coveredconditionals="2" methods="7" coveredmethods="2"/>
        <line num="39" count="1" type="stmt"/>
        <line num="49" count="2" type="stmt"/>
        <line num="50" count="2" type="stmt"/>
        <line num="52" count="2" type="stmt"/>
        <line num="54" count="2" type="stmt"/>
        <line num="59" count="2" type="stmt"/>
        <line num="66" count="2" type="stmt"/>
        <line num="71" count="0" type="stmt"/>
        <line num="75" count="1" type="stmt"/>
        <line num="79" count="0" type="stmt"/>
        <line num="83" count="0" type="cond" truecount="0" falsecount="2"/>
        <line num="84" count="0" type="stmt"/>
        <line num="87" count="0" type="cond" truecount="0" falsecount="2"/>
        <line num="88" count="0" type="stmt"/>
        <line num="91" count="0" type="stmt"/>
        <line num="100" count="0" type="stmt"/>
        <line num="101" count="0" type="stmt"/>
        <line num="103" count="0" type="stmt"/>
        <line num="104" count="0" type="cond" truecount="0" falsecount="2"/>
        <line num="106" count="0" type="stmt"/>
        <line num="111" count="0" type="stmt"/>
        <line num="113" count="0" type="stmt"/>
        <line num="114" count="0" type="stmt"/>
        <line num="115" count="0" type="stmt"/>
        <line num="120" count="0" type="stmt"/>
        <line num="123" count="0" type="stmt"/>
        <line num="124" count="0" type="stmt"/>
        <line num="129" count="2" type="stmt"/>
        <line num="161" count="0" type="stmt"/>
        <line num="167" count="0" type="stmt"/>
      </file>
      <file name="styles.ts" path="D:\Ignite\GoFinances\src\screens\Register\styles.ts">
        <metrics statements="10" coveredstatements="10" conditionals="0" coveredconditionals="0" methods="4" coveredmethods="4"/>
        <line num="4" count="1" type="stmt"/>
        <line num="6" count="2" type="stmt"/>
        <line num="9" count="1" type="stmt"/>
        <line num="10" count="2" type="stmt"/>
        <line num="18" count="1" type="stmt"/>
        <line num="19" count="2" type="stmt"/>
        <line num="21" count="2" type="stmt"/>
        <line num="24" count="1" type="stmt"/>
        <line num="31" count="1" type="stmt"/>
        <line num="33" count="1" type="stmt"/>
      </file>
    </package>
    <package name="utils">
      <metrics statements="1" coveredstatements="1" conditionals="0" coveredconditionals="0" methods="0" coveredmethods="0"/>
      <file name="categories.ts" path="D:\Ignite\GoFinances\src\utils\categories.ts">
        <metrics statements="1" coveredstatements="1" conditionals="0" coveredconditionals="0" methods="0" coveredmethods="0"/>
        <line num="1" count="1" type="stmt"/>
      </file>
    </package>
  </project>
</coverage>
