{"D:\\Ignite\\GoFinances\\src\\components\\Form\\Button\\index.tsx": {"path":"D:\\Ignite\\GoFinances\\src\\components\\Form\\Button\\index.tsx","statementMap":{"0":{"start":{"line":16,"column":2},"end":{"line":22,"column":4}}},"fnMap":{"0":{"name":"Button","decl":{"start":{"line":11,"column":24},"end":{"line":11,"column":30}},"loc":{"start":{"line":15,"column":11},"end":{"line":23,"column":1}},"line":15}},"branchMap":{},"s":{"0":4},"f":{"0":4},"b":{},"_coverageSchema":"1a1c01bbd47fc00a2c39e90264f33305004495a9","hash":"5c989f678d990c3ce8b05a9e2c30a1e299c57539"}
,"D:\\Ignite\\GoFinances\\src\\components\\Form\\Button\\styles.ts": {"path":"D:\\Ignite\\GoFinances\\src\\components\\Form\\Button\\styles.ts","statementMap":{"0":{"start":{"line":5,"column":25},"end":{"line":11,"column":1}},"1":{"start":{"line":7,"column":37},"end":{"line":7,"column":63}},"2":{"start":{"line":13,"column":21},"end":{"line":17,"column":1}},"3":{"start":{"line":14,"column":32},"end":{"line":14,"column":50}},"4":{"start":{"line":16,"column":26},"end":{"line":16,"column":48}}},"fnMap":{"0":{"name":"(anonymous_0)","decl":{"start":{"line":7,"column":22},"end":{"line":7,"column":23}},"loc":{"start":{"line":7,"column":37},"end":{"line":7,"column":63}},"line":7},"1":{"name":"(anonymous_1)","decl":{"start":{"line":14,"column":17},"end":{"line":14,"column":18}},"loc":{"start":{"line":14,"column":32},"end":{"line":14,"column":50}},"line":14},"2":{"name":"(anonymous_2)","decl":{"start":{"line":16,"column":11},"end":{"line":16,"column":12}},"loc":{"start":{"line":16,"column":26},"end":{"line":16,"column":48}},"line":16}},"branchMap":{},"s":{"0":1,"1":4,"2":1,"3":4,"4":4},"f":{"0":4,"1":4,"2":4},"b":{},"_coverageSchema":"1a1c01bbd47fc00a2c39e90264f33305004495a9","hash":"f75ae920759202239b7e1971c5f9506c7167b322"}
,"D:\\Ignite\\GoFinances\\src\\components\\Form\\CategorySelectButton\\index.tsx": {"path":"D:\\Ignite\\GoFinances\\src\\components\\Form\\CategorySelectButton\\index.tsx","statementMap":{"0":{"start":{"line":19,"column":2},"end":{"line":26,"column":4}}},"fnMap":{"0":{"name":"CategorySelectButton","decl":{"start":{"line":15,"column":24},"end":{"line":15,"column":44}},"loc":{"start":{"line":18,"column":11},"end":{"line":27,"column":1}},"line":18}},"branchMap":{},"s":{"0":2},"f":{"0":2},"b":{},"_coverageSchema":"1a1c01bbd47fc00a2c39e90264f33305004495a9","hash":"2ea63420401315e7d891375c88db9ab18099f726"}
,"D:\\Ignite\\GoFinances\\src\\components\\Form\\CategorySelectButton\\styles.ts": {"path":"D:\\Ignite\\GoFinances\\src\\components\\Form\\CategorySelectButton\\styles.ts","statementMap":{"0":{"start":{"line":6,"column":25},"end":{"line":15,"column":1}},"1":{"start":{"line":9,"column":37},"end":{"line":9,"column":59}},"2":{"start":{"line":17,"column":24},"end":{"line":21,"column":1}},"3":{"start":{"line":18,"column":32},"end":{"line":18,"column":51}},"4":{"start":{"line":20,"column":26},"end":{"line":20,"column":47}},"5":{"start":{"line":23,"column":20},"end":{"line":26,"column":1}},"6":{"start":{"line":25,"column":26},"end":{"line":25,"column":47}}},"fnMap":{"0":{"name":"(anonymous_0)","decl":{"start":{"line":9,"column":22},"end":{"line":9,"column":23}},"loc":{"start":{"line":9,"column":37},"end":{"line":9,"column":59}},"line":9},"1":{"name":"(anonymous_1)","decl":{"start":{"line":18,"column":17},"end":{"line":18,"column":18}},"loc":{"start":{"line":18,"column":32},"end":{"line":18,"column":51}},"line":18},"2":{"name":"(anonymous_2)","decl":{"start":{"line":20,"column":11},"end":{"line":20,"column":12}},"loc":{"start":{"line":20,"column":26},"end":{"line":20,"column":47}},"line":20},"3":{"name":"(anonymous_3)","decl":{"start":{"line":25,"column":11},"end":{"line":25,"column":12}},"loc":{"start":{"line":25,"column":26},"end":{"line":25,"column":47}},"line":25}},"branchMap":{},"s":{"0":1,"1":2,"2":1,"3":2,"4":2,"5":1,"6":2},"f":{"0":2,"1":2,"2":2,"3":2},"b":{},"_coverageSchema":"1a1c01bbd47fc00a2c39e90264f33305004495a9","hash":"804b11a21214d3566adf4dbea6ebe6847baf87e0"}
,"D:\\Ignite\\GoFinances\\src\\components\\Form\\Input\\index.tsx": {"path":"D:\\Ignite\\GoFinances\\src\\components\\Form\\Input\\index.tsx","statementMap":{"0":{"start":{"line":14,"column":2},"end":{"line":19,"column":4}}},"fnMap":{"0":{"name":"Input","decl":{"start":{"line":10,"column":24},"end":{"line":10,"column":29}},"loc":{"start":{"line":13,"column":10},"end":{"line":20,"column":1}},"line":13}},"branchMap":{"0":{"loc":{"start":{"line":11,"column":2},"end":{"line":11,"column":16}},"type":"default-arg","locations":[{"start":{"line":11,"column":11},"end":{"line":11,"column":16}}],"line":11}},"s":{"0":5},"f":{"0":5},"b":{"0":[4]},"_coverageSchema":"1a1c01bbd47fc00a2c39e90264f33305004495a9","hash":"9bef3b6d023a87c445bbabf30056dc005ae82c1c"}
,"D:\\Ignite\\GoFinances\\src\\components\\Form\\Input\\styles.ts": {"path":"D:\\Ignite\\GoFinances\\src\\components\\Form\\Input\\styles.ts","statementMap":{"0":{"start":{"line":9,"column":25},"end":{"line":22,"column":1}},"1":{"start":{"line":11,"column":32},"end":{"line":11,"column":51}},"2":{"start":{"line":14,"column":26},"end":{"line":14,"column":52}},"3":{"start":{"line":15,"column":37},"end":{"line":15,"column":59}},"4":{"start":{"line":18,"column":27},"end":{"line":21,"column":3}}},"fnMap":{"0":{"name":"(anonymous_0)","decl":{"start":{"line":11,"column":17},"end":{"line":11,"column":18}},"loc":{"start":{"line":11,"column":32},"end":{"line":11,"column":51}},"line":11},"1":{"name":"(anonymous_1)","decl":{"start":{"line":14,"column":11},"end":{"line":14,"column":12}},"loc":{"start":{"line":14,"column":26},"end":{"line":14,"column":52}},"line":14},"2":{"name":"(anonymous_2)","decl":{"start":{"line":15,"column":22},"end":{"line":15,"column":23}},"loc":{"start":{"line":15,"column":37},"end":{"line":15,"column":59}},"line":15},"3":{"name":"(anonymous_3)","decl":{"start":{"line":18,"column":4},"end":{"line":18,"column":5}},"loc":{"start":{"line":18,"column":27},"end":{"line":21,"column":3}},"line":18}},"branchMap":{"0":{"loc":{"start":{"line":18,"column":27},"end":{"line":21,"column":3}},"type":"binary-expr","locations":[{"start":{"line":18,"column":27},"end":{"line":18,"column":33}},{"start":{"line":18,"column":37},"end":{"line":21,"column":3}}],"line":18}},"s":{"0":2,"1":5,"2":5,"3":5,"4":5},"f":{"0":5,"1":5,"2":5,"3":5},"b":{"0":[5,1]},"_coverageSchema":"1a1c01bbd47fc00a2c39e90264f33305004495a9","hash":"f8ade17c81578a8369785f60c2b104300acd99c8"}
,"D:\\Ignite\\GoFinances\\src\\components\\Form\\InputForm\\index.tsx": {"path":"D:\\Ignite\\GoFinances\\src\\components\\Form\\InputForm\\index.tsx","statementMap":{"0":{"start":{"line":21,"column":2},"end":{"line":36,"column":4}},"1":{"start":{"line":26,"column":10},"end":{"line":30,"column":12}}},"fnMap":{"0":{"name":"InputForm","decl":{"start":{"line":15,"column":24},"end":{"line":15,"column":33}},"loc":{"start":{"line":20,"column":11},"end":{"line":37,"column":1}},"line":20},"1":{"name":"(anonymous_1)","decl":{"start":{"line":25,"column":16},"end":{"line":25,"column":17}},"loc":{"start":{"line":26,"column":10},"end":{"line":30,"column":12}},"line":26}},"branchMap":{"0":{"loc":{"start":{"line":34,"column":7},"end":{"line":34,"column":38}},"type":"binary-expr","locations":[{"start":{"line":34,"column":7},"end":{"line":34,"column":12}},{"start":{"line":34,"column":16},"end":{"line":34,"column":38}}],"line":34}},"s":{"0":4,"1":4},"f":{"0":4,"1":4},"b":{"0":[4,0]},"_coverageSchema":"1a1c01bbd47fc00a2c39e90264f33305004495a9","hash":"f3b7976707d0a9cfe779b8f8e220cbb6566f168b"}
,"D:\\Ignite\\GoFinances\\src\\components\\Form\\InputForm\\styles.ts": {"path":"D:\\Ignite\\GoFinances\\src\\components\\Form\\InputForm\\styles.ts","statementMap":{"0":{"start":{"line":4,"column":25},"end":{"line":6,"column":1}},"1":{"start":{"line":8,"column":21},"end":{"line":13,"column":1}},"2":{"start":{"line":9,"column":32},"end":{"line":9,"column":51}},"3":{"start":{"line":11,"column":26},"end":{"line":11,"column":52}}},"fnMap":{"0":{"name":"(anonymous_0)","decl":{"start":{"line":9,"column":17},"end":{"line":9,"column":18}},"loc":{"start":{"line":9,"column":32},"end":{"line":9,"column":51}},"line":9},"1":{"name":"(anonymous_1)","decl":{"start":{"line":11,"column":11},"end":{"line":11,"column":12}},"loc":{"start":{"line":11,"column":26},"end":{"line":11,"column":52}},"line":11}},"branchMap":{},"s":{"0":1,"1":1,"2":0,"3":0},"f":{"0":0,"1":0},"b":{},"_coverageSchema":"1a1c01bbd47fc00a2c39e90264f33305004495a9","hash":"3abfe53a0baf988f931695b4a8861afbb808082d"}
,"D:\\Ignite\\GoFinances\\src\\components\\Form\\TransactionTypeButton\\index.tsx": {"path":"D:\\Ignite\\GoFinances\\src\\components\\Form\\TransactionTypeButton\\index.tsx","statementMap":{"0":{"start":{"line":10,"column":14},"end":{"line":13,"column":1}},"1":{"start":{"line":27,"column":2},"end":{"line":44,"column":4}}},"fnMap":{"0":{"name":"TransacationTypeButton","decl":{"start":{"line":21,"column":24},"end":{"line":21,"column":46}},"loc":{"start":{"line":26,"column":11},"end":{"line":45,"column":1}},"line":26}},"branchMap":{},"s":{"0":1,"1":4},"f":{"0":4},"b":{},"_coverageSchema":"1a1c01bbd47fc00a2c39e90264f33305004495a9","hash":"db0f963b78429e92a5c2e31912970f5676876890"}
,"D:\\Ignite\\GoFinances\\src\\components\\Form\\TransactionTypeButton\\styles.ts": {"path":"D:\\Ignite\\GoFinances\\src\\components\\Form\\TransactionTypeButton\\styles.ts","statementMap":{"0":{"start":{"line":15,"column":25},"end":{"line":27,"column":1}},"1":{"start":{"line":17,"column":36},"end":{"line":17,"column":54}},"2":{"start":{"line":19,"column":33},"end":{"line":19,"column":55}},"3":{"start":{"line":21,"column":28},"end":{"line":23,"column":3}},"4":{"start":{"line":22,"column":39},"end":{"line":22,"column":69}},"5":{"start":{"line":24,"column":28},"end":{"line":26,"column":3}},"6":{"start":{"line":25,"column":39},"end":{"line":25,"column":71}},"7":{"start":{"line":29,"column":22},"end":{"line":34,"column":1}},"8":{"start":{"line":36,"column":20},"end":{"line":41,"column":1}},"9":{"start":{"line":40,"column":4},"end":{"line":40,"column":73}},"10":{"start":{"line":43,"column":21},"end":{"line":47,"column":1}},"11":{"start":{"line":44,"column":32},"end":{"line":44,"column":51}},"12":{"start":{"line":46,"column":26},"end":{"line":46,"column":47}}},"fnMap":{"0":{"name":"(anonymous_0)","decl":{"start":{"line":17,"column":18},"end":{"line":17,"column":19}},"loc":{"start":{"line":17,"column":36},"end":{"line":17,"column":54}},"line":17},"1":{"name":"(anonymous_1)","decl":{"start":{"line":19,"column":18},"end":{"line":19,"column":19}},"loc":{"start":{"line":19,"column":33},"end":{"line":19,"column":55}},"line":19},"2":{"name":"(anonymous_2)","decl":{"start":{"line":21,"column":4},"end":{"line":21,"column":5}},"loc":{"start":{"line":21,"column":28},"end":{"line":23,"column":3}},"line":21},"3":{"name":"(anonymous_3)","decl":{"start":{"line":22,"column":24},"end":{"line":22,"column":25}},"loc":{"start":{"line":22,"column":39},"end":{"line":22,"column":69}},"line":22},"4":{"name":"(anonymous_4)","decl":{"start":{"line":24,"column":4},"end":{"line":24,"column":5}},"loc":{"start":{"line":24,"column":28},"end":{"line":26,"column":3}},"line":24},"5":{"name":"(anonymous_5)","decl":{"start":{"line":25,"column":24},"end":{"line":25,"column":25}},"loc":{"start":{"line":25,"column":39},"end":{"line":25,"column":71}},"line":25},"6":{"name":"(anonymous_6)","decl":{"start":{"line":39,"column":11},"end":{"line":39,"column":12}},"loc":{"start":{"line":40,"column":4},"end":{"line":40,"column":73}},"line":40},"7":{"name":"(anonymous_7)","decl":{"start":{"line":44,"column":17},"end":{"line":44,"column":18}},"loc":{"start":{"line":44,"column":32},"end":{"line":44,"column":51}},"line":44},"8":{"name":"(anonymous_8)","decl":{"start":{"line":46,"column":11},"end":{"line":46,"column":12}},"loc":{"start":{"line":46,"column":26},"end":{"line":46,"column":47}},"line":46}},"branchMap":{"0":{"loc":{"start":{"line":17,"column":36},"end":{"line":17,"column":54}},"type":"cond-expr","locations":[{"start":{"line":17,"column":47},"end":{"line":17,"column":48}},{"start":{"line":17,"column":51},"end":{"line":17,"column":54}}],"line":17},"1":{"loc":{"start":{"line":21,"column":28},"end":{"line":23,"column":3}},"type":"binary-expr","locations":[{"start":{"line":21,"column":28},"end":{"line":21,"column":36}},{"start":{"line":21,"column":40},"end":{"line":21,"column":53}},{"start":{"line":21,"column":57},"end":{"line":23,"column":3}}],"line":21},"2":{"loc":{"start":{"line":24,"column":28},"end":{"line":26,"column":3}},"type":"binary-expr","locations":[{"start":{"line":24,"column":28},"end":{"line":24,"column":36}},{"start":{"line":24,"column":40},"end":{"line":24,"column":55}},{"start":{"line":24,"column":59},"end":{"line":26,"column":3}}],"line":24},"3":{"loc":{"start":{"line":40,"column":4},"end":{"line":40,"column":73}},"type":"cond-expr","locations":[{"start":{"line":40,"column":20},"end":{"line":40,"column":44}},{"start":{"line":40,"column":47},"end":{"line":40,"column":73}}],"line":40}},"s":{"0":1,"1":4,"2":4,"3":4,"4":0,"5":4,"6":0,"7":1,"8":1,"9":4,"10":1,"11":4,"12":4},"f":{"0":4,"1":4,"2":4,"3":0,"4":4,"5":0,"6":4,"7":4,"8":4},"b":{"0":[0,4],"1":[4,0,0],"2":[4,0,0],"3":[2,2]},"_coverageSchema":"1a1c01bbd47fc00a2c39e90264f33305004495a9","hash":"4aa9b8d26945d924f50f7f4b2254d28fee591bd5"}
,"D:\\Ignite\\GoFinances\\src\\global\\styles\\theme.ts": {"path":"D:\\Ignite\\GoFinances\\src\\global\\styles\\theme.ts","statementMap":{},"fnMap":{},"branchMap":{},"s":{},"f":{},"b":{},"_coverageSchema":"1a1c01bbd47fc00a2c39e90264f33305004495a9","hash":"84cb552b97eae685467d58215abfd0f56cc4b02f"}
,"D:\\Ignite\\GoFinances\\src\\hooks\\auth.tsx": {"path":"D:\\Ignite\\GoFinances\\src\\hooks\\auth.tsx","statementMap":{"0":{"start":{"line":32,"column":27},"end":{"line":32,"column":64}},"1":{"start":{"line":36,"column":26},"end":{"line":36,"column":52}},"2":{"start":{"line":37,"column":54},"end":{"line":37,"column":68}},"3":{"start":{"line":39,"column":25},"end":{"line":39,"column":43}},"4":{"start":{"line":42,"column":4},"end":{"line":61,"column":5}},"5":{"start":{"line":43,"column":21},"end":{"line":47,"column":8}},"6":{"start":{"line":49,"column":6},"end":{"line":58,"column":7}},"7":{"start":{"line":50,"column":27},"end":{"line":55,"column":9}},"8":{"start":{"line":56,"column":8},"end":{"line":56,"column":28}},"9":{"start":{"line":57,"column":8},"end":{"line":57,"column":79}},"10":{"start":{"line":60,"column":6},"end":{"line":60,"column":29}},"11":{"start":{"line":65,"column":4},"end":{"line":86,"column":5}},"12":{"start":{"line":66,"column":25},"end":{"line":71,"column":8}},"13":{"start":{"line":73,"column":6},"end":{"line":83,"column":7}},"14":{"start":{"line":74,"column":21},"end":{"line":74,"column":52}},"15":{"start":{"line":75,"column":27},"end":{"line":80,"column":9}},"16":{"start":{"line":81,"column":8},"end":{"line":81,"column":28}},"17":{"start":{"line":82,"column":8},"end":{"line":82,"column":79}},"18":{"start":{"line":85,"column":6},"end":{"line":85,"column":29}},"19":{"start":{"line":90,"column":4},"end":{"line":90,"column":24}},"20":{"start":{"line":91,"column":4},"end":{"line":91,"column":50}},"21":{"start":{"line":94,"column":2},"end":{"line":105,"column":8}},"22":{"start":{"line":96,"column":27},"end":{"line":96,"column":69}},"23":{"start":{"line":98,"column":6},"end":{"line":101,"column":7}},"24":{"start":{"line":99,"column":27},"end":{"line":99,"column":59}},"25":{"start":{"line":100,"column":8},"end":{"line":100,"column":28}},"26":{"start":{"line":102,"column":6},"end":{"line":102,"column":35}},"27":{"start":{"line":104,"column":4},"end":{"line":104,"column":26}},"28":{"start":{"line":107,"column":2},"end":{"line":117,"column":4}},"29":{"start":{"line":121,"column":18},"end":{"line":121,"column":41}},"30":{"start":{"line":122,"column":2},"end":{"line":122,"column":17}}},"fnMap":{"0":{"name":"AuthProvider","decl":{"start":{"line":35,"column":16},"end":{"line":35,"column":28}},"loc":{"start":{"line":35,"column":63},"end":{"line":118,"column":1}},"line":35},"1":{"name":"signInWithGoogle","decl":{"start":{"line":41,"column":17},"end":{"line":41,"column":33}},"loc":{"start":{"line":41,"column":36},"end":{"line":62,"column":3}},"line":41},"2":{"name":"signInWithApple","decl":{"start":{"line":64,"column":17},"end":{"line":64,"column":32}},"loc":{"start":{"line":64,"column":35},"end":{"line":87,"column":3}},"line":64},"3":{"name":"signOut","decl":{"start":{"line":89,"column":17},"end":{"line":89,"column":24}},"loc":{"start":{"line":89,"column":27},"end":{"line":92,"column":3}},"line":89},"4":{"name":"(anonymous_4)","decl":{"start":{"line":94,"column":12},"end":{"line":94,"column":13}},"loc":{"start":{"line":94,"column":18},"end":{"line":105,"column":3}},"line":94},"5":{"name":"loadUserStorageData","decl":{"start":{"line":95,"column":19},"end":{"line":95,"column":38}},"loc":{"start":{"line":95,"column":41},"end":{"line":103,"column":5}},"line":95},"6":{"name":"useAuth","decl":{"start":{"line":120,"column":16},"end":{"line":120,"column":23}},"loc":{"start":{"line":120,"column":26},"end":{"line":123,"column":1}},"line":120}},"branchMap":{"0":{"loc":{"start":{"line":49,"column":6},"end":{"line":58,"column":7}},"type":"if","locations":[{"start":{"line":49,"column":6},"end":{"line":58,"column":7}},{"start":{"line":49,"column":6},"end":{"line":58,"column":7}}],"line":49},"1":{"loc":{"start":{"line":73,"column":6},"end":{"line":83,"column":7}},"type":"if","locations":[{"start":{"line":73,"column":6},"end":{"line":83,"column":7}},{"start":{"line":73,"column":6},"end":{"line":83,"column":7}}],"line":73},"2":{"loc":{"start":{"line":98,"column":6},"end":{"line":101,"column":7}},"type":"if","locations":[{"start":{"line":98,"column":6},"end":{"line":101,"column":7}},{"start":{"line":98,"column":6},"end":{"line":101,"column":7}}],"line":98}},"s":{"0":2,"1":5,"2":5,"3":5,"4":2,"5":2,"6":2,"7":1,"8":1,"9":1,"10":0,"11":0,"12":0,"13":0,"14":0,"15":0,"16":0,"17":0,"18":0,"19":0,"20":0,"21":5,"22":2,"23":2,"24":0,"25":0,"26":2,"27":2,"28":5,"29":7,"30":7},"f":{"0":5,"1":2,"2":0,"3":0,"4":2,"5":2,"6":7},"b":{"0":[1,1],"1":[0,0],"2":[0,2]},"_coverageSchema":"1a1c01bbd47fc00a2c39e90264f33305004495a9","hash":"66261ba95dcf9250d6d3353e969387b382b9a4c8"}
,"D:\\Ignite\\GoFinances\\src\\screens\\CategorySelect\\index.tsx": {"path":"D:\\Ignite\\GoFinances\\src\\screens\\CategorySelect\\index.tsx","statementMap":{"0":{"start":{"line":36,"column":4},"end":{"line":36,"column":26}},"1":{"start":{"line":39,"column":2},"end":{"line":68,"column":4}},"2":{"start":{"line":49,"column":32},"end":{"line":49,"column":40}},"3":{"start":{"line":51,"column":10},"end":{"line":57,"column":21}},"4":{"start":{"line":52,"column":27},"end":{"line":52,"column":53}},"5":{"start":{"line":59,"column":38},"end":{"line":59,"column":51}}},"fnMap":{"0":{"name":"CategorySelect","decl":{"start":{"line":29,"column":24},"end":{"line":29,"column":38}},"loc":{"start":{"line":33,"column":11},"end":{"line":69,"column":1}},"line":33},"1":{"name":"handleCategorySelect","decl":{"start":{"line":35,"column":11},"end":{"line":35,"column":31}},"loc":{"start":{"line":35,"column":52},"end":{"line":37,"column":3}},"line":35},"2":{"name":"(anonymous_2)","decl":{"start":{"line":49,"column":22},"end":{"line":49,"column":23}},"loc":{"start":{"line":49,"column":32},"end":{"line":49,"column":40}},"line":49},"3":{"name":"(anonymous_3)","decl":{"start":{"line":50,"column":20},"end":{"line":50,"column":21}},"loc":{"start":{"line":51,"column":10},"end":{"line":57,"column":21}},"line":51},"4":{"name":"(anonymous_4)","decl":{"start":{"line":52,"column":21},"end":{"line":52,"column":22}},"loc":{"start":{"line":52,"column":27},"end":{"line":52,"column":53}},"line":52},"5":{"name":"(anonymous_5)","decl":{"start":{"line":59,"column":32},"end":{"line":59,"column":33}},"loc":{"start":{"line":59,"column":38},"end":{"line":59,"column":51}},"line":59}},"branchMap":{},"s":{"0":0,"1":2,"2":12,"3":12,"4":0,"5":10},"f":{"0":2,"1":0,"2":12,"3":12,"4":0,"5":10},"b":{},"_coverageSchema":"1a1c01bbd47fc00a2c39e90264f33305004495a9","hash":"66a6ecf704fbc702653e34c3caec261d7df07db1"}
,"D:\\Ignite\\GoFinances\\src\\screens\\CategorySelect\\styles.ts": {"path":"D:\\Ignite\\GoFinances\\src\\screens\\CategorySelect\\styles.ts","statementMap":{"0":{"start":{"line":13,"column":25},"end":{"line":16,"column":1}},"1":{"start":{"line":15,"column":37},"end":{"line":15,"column":64}},"2":{"start":{"line":18,"column":22},"end":{"line":25,"column":1}},"3":{"start":{"line":21,"column":37},"end":{"line":21,"column":61}},"4":{"start":{"line":27,"column":21},"end":{"line":31,"column":1}},"5":{"start":{"line":28,"column":32},"end":{"line":28,"column":51}},"6":{"start":{"line":30,"column":26},"end":{"line":30,"column":48}},"7":{"start":{"line":33,"column":24},"end":{"line":41,"column":1}},"8":{"start":{"line":39,"column":4},"end":{"line":39,"column":77}},"9":{"start":{"line":43,"column":20},"end":{"line":47,"column":1}},"10":{"start":{"line":46,"column":28},"end":{"line":46,"column":54}},"11":{"start":{"line":49,"column":20},"end":{"line":53,"column":1}},"12":{"start":{"line":50,"column":32},"end":{"line":50,"column":51}},"13":{"start":{"line":52,"column":26},"end":{"line":52,"column":52}},"14":{"start":{"line":55,"column":25},"end":{"line":59,"column":1}},"15":{"start":{"line":58,"column":37},"end":{"line":58,"column":63}},"16":{"start":{"line":61,"column":22},"end":{"line":64,"column":1}}},"fnMap":{"0":{"name":"(anonymous_0)","decl":{"start":{"line":15,"column":22},"end":{"line":15,"column":23}},"loc":{"start":{"line":15,"column":37},"end":{"line":15,"column":64}},"line":15},"1":{"name":"(anonymous_1)","decl":{"start":{"line":21,"column":22},"end":{"line":21,"column":23}},"loc":{"start":{"line":21,"column":37},"end":{"line":21,"column":61}},"line":21},"2":{"name":"(anonymous_2)","decl":{"start":{"line":28,"column":17},"end":{"line":28,"column":18}},"loc":{"start":{"line":28,"column":32},"end":{"line":28,"column":51}},"line":28},"3":{"name":"(anonymous_3)","decl":{"start":{"line":30,"column":11},"end":{"line":30,"column":12}},"loc":{"start":{"line":30,"column":26},"end":{"line":30,"column":48}},"line":30},"4":{"name":"(anonymous_4)","decl":{"start":{"line":38,"column":22},"end":{"line":38,"column":23}},"loc":{"start":{"line":39,"column":4},"end":{"line":39,"column":77}},"line":39},"5":{"name":"(anonymous_5)","decl":{"start":{"line":46,"column":13},"end":{"line":46,"column":14}},"loc":{"start":{"line":46,"column":28},"end":{"line":46,"column":54}},"line":46},"6":{"name":"(anonymous_6)","decl":{"start":{"line":50,"column":17},"end":{"line":50,"column":18}},"loc":{"start":{"line":50,"column":32},"end":{"line":50,"column":51}},"line":50},"7":{"name":"(anonymous_7)","decl":{"start":{"line":52,"column":11},"end":{"line":52,"column":12}},"loc":{"start":{"line":52,"column":26},"end":{"line":52,"column":52}},"line":52},"8":{"name":"(anonymous_8)","decl":{"start":{"line":58,"column":22},"end":{"line":58,"column":23}},"loc":{"start":{"line":58,"column":37},"end":{"line":58,"column":63}},"line":58}},"branchMap":{"0":{"loc":{"start":{"line":39,"column":4},"end":{"line":39,"column":77}},"type":"cond-expr","locations":[{"start":{"line":39,"column":15},"end":{"line":39,"column":47}},{"start":{"line":39,"column":50},"end":{"line":39,"column":77}}],"line":39}},"s":{"0":1,"1":2,"2":1,"3":2,"4":1,"5":2,"6":2,"7":1,"8":12,"9":1,"10":12,"11":1,"12":12,"13":12,"14":1,"15":10,"16":1},"f":{"0":2,"1":2,"2":2,"3":2,"4":12,"5":12,"6":12,"7":12,"8":10},"b":{"0":[0,12]},"_coverageSchema":"1a1c01bbd47fc00a2c39e90264f33305004495a9","hash":"a193964aa483f128a57bb4c1dfd91cfe744906f8"}
,"D:\\Ignite\\GoFinances\\src\\screens\\Profile\\index.tsx": {"path":"D:\\Ignite\\GoFinances\\src\\screens\\Profile\\index.tsx","statementMap":{"0":{"start":{"line":11,"column":2},"end":{"line":35,"column":4}}},"fnMap":{"0":{"name":"Profile","decl":{"start":{"line":10,"column":24},"end":{"line":10,"column":31}},"loc":{"start":{"line":10,"column":34},"end":{"line":36,"column":1}},"line":10},"1":{"name":"(anonymous_1)","decl":{"start":{"line":32,"column":17},"end":{"line":32,"column":18}},"loc":{"start":{"line":32,"column":23},"end":{"line":32,"column":26}},"line":32}},"branchMap":{},"s":{"0":3},"f":{"0":3,"1":0},"b":{},"_coverageSchema":"1a1c01bbd47fc00a2c39e90264f33305004495a9","hash":"40fe41b0841b25742f1f8b661f0e640f353d79cc"}
,"D:\\Ignite\\GoFinances\\src\\screens\\Register\\index.tsx": {"path":"D:\\Ignite\\GoFinances\\src\\screens\\Register\\index.tsx","statementMap":{"0":{"start":{"line":39,"column":15},"end":{"line":46,"column":2}},"1":{"start":{"line":49,"column":48},"end":{"line":49,"column":60}},"2":{"start":{"line":50,"column":52},"end":{"line":50,"column":67}},"3":{"start":{"line":52,"column":19},"end":{"line":52,"column":28}},"4":{"start":{"line":54,"column":34},"end":{"line":57,"column":4}},"5":{"start":{"line":59,"column":21},"end":{"line":59,"column":36}},"6":{"start":{"line":66,"column":6},"end":{"line":68,"column":4}},"7":{"start":{"line":71,"column":4},"end":{"line":71,"column":29}},"8":{"start":{"line":75,"column":4},"end":{"line":75,"column":31}},"9":{"start":{"line":79,"column":4},"end":{"line":79,"column":32}},"10":{"start":{"line":83,"column":4},"end":{"line":85,"column":5}},"11":{"start":{"line":84,"column":6},"end":{"line":84,"column":58}},"12":{"start":{"line":87,"column":4},"end":{"line":89,"column":5}},"13":{"start":{"line":88,"column":6},"end":{"line":88,"column":50}},"14":{"start":{"line":91,"column":27},"end":{"line":98,"column":5}},"15":{"start":{"line":100,"column":4},"end":{"line":125,"column":5}},"16":{"start":{"line":101,"column":22},"end":{"line":101,"column":64}},"17":{"start":{"line":103,"column":19},"end":{"line":103,"column":54}},"18":{"start":{"line":104,"column":26},"end":{"line":104,"column":54}},"19":{"start":{"line":106,"column":28},"end":{"line":109,"column":7}},"20":{"start":{"line":111,"column":6},"end":{"line":111,"column":73}},"21":{"start":{"line":113,"column":6},"end":{"line":113,"column":14}},"22":{"start":{"line":114,"column":6},"end":{"line":114,"column":29}},"23":{"start":{"line":115,"column":6},"end":{"line":118,"column":9}},"24":{"start":{"line":120,"column":6},"end":{"line":120,"column":38}},"25":{"start":{"line":123,"column":6},"end":{"line":123,"column":25}},"26":{"start":{"line":124,"column":6},"end":{"line":124,"column":45}},"27":{"start":{"line":129,"column":2},"end":{"line":196,"column":4}},"28":{"start":{"line":161,"column":31},"end":{"line":161,"column":70}},"29":{"start":{"line":167,"column":31},"end":{"line":167,"column":70}}},"fnMap":{"0":{"name":"Register","decl":{"start":{"line":48,"column":24},"end":{"line":48,"column":32}},"loc":{"start":{"line":48,"column":35},"end":{"line":197,"column":1}},"line":48},"1":{"name":"handleTransactionTypeSelect","decl":{"start":{"line":70,"column":11},"end":{"line":70,"column":38}},"loc":{"start":{"line":70,"column":70},"end":{"line":72,"column":3}},"line":70},"2":{"name":"handleOpenSelectCategoryModal","decl":{"start":{"line":74,"column":11},"end":{"line":74,"column":40}},"loc":{"start":{"line":74,"column":43},"end":{"line":76,"column":3}},"line":74},"3":{"name":"handleCloseSelectCategoryModal","decl":{"start":{"line":78,"column":11},"end":{"line":78,"column":41}},"loc":{"start":{"line":78,"column":44},"end":{"line":80,"column":3}},"line":78},"4":{"name":"handleRegister","decl":{"start":{"line":82,"column":17},"end":{"line":82,"column":31}},"loc":{"start":{"line":82,"column":48},"end":{"line":127,"column":3}},"line":82},"5":{"name":"(anonymous_5)","decl":{"start":{"line":161,"column":25},"end":{"line":161,"column":26}},"loc":{"start":{"line":161,"column":31},"end":{"line":161,"column":70}},"line":161},"6":{"name":"(anonymous_6)","decl":{"start":{"line":167,"column":25},"end":{"line":167,"column":26}},"loc":{"start":{"line":167,"column":31},"end":{"line":167,"column":70}},"line":167}},"branchMap":{"0":{"loc":{"start":{"line":83,"column":4},"end":{"line":85,"column":5}},"type":"if","locations":[{"start":{"line":83,"column":4},"end":{"line":85,"column":5}},{"start":{"line":83,"column":4},"end":{"line":85,"column":5}}],"line":83},"1":{"loc":{"start":{"line":87,"column":4},"end":{"line":89,"column":5}},"type":"if","locations":[{"start":{"line":87,"column":4},"end":{"line":89,"column":5}},{"start":{"line":87,"column":4},"end":{"line":89,"column":5}}],"line":87},"2":{"loc":{"start":{"line":104,"column":26},"end":{"line":104,"column":54}},"type":"cond-expr","locations":[{"start":{"line":104,"column":33},"end":{"line":104,"column":49}},{"start":{"line":104,"column":52},"end":{"line":104,"column":54}}],"line":104},"3":{"loc":{"start":{"line":147,"column":21},"end":{"line":147,"column":55}},"type":"binary-expr","locations":[{"start":{"line":147,"column":21},"end":{"line":147,"column":32}},{"start":{"line":147,"column":36},"end":{"line":147,"column":55}}],"line":147},"4":{"loc":{"start":{"line":155,"column":21},"end":{"line":155,"column":59}},"type":"binary-expr","locations":[{"start":{"line":155,"column":21},"end":{"line":155,"column":34}},{"start":{"line":155,"column":38},"end":{"line":155,"column":59}}],"line":155}},"s":{"0":1,"1":2,"2":2,"3":2,"4":2,"5":2,"6":2,"7":0,"8":1,"9":0,"10":0,"11":0,"12":0,"13":0,"14":0,"15":0,"16":0,"17":0,"18":0,"19":0,"20":0,"21":0,"22":0,"23":0,"24":0,"25":0,"26":0,"27":2,"28":0,"29":0},"f":{"0":2,"1":0,"2":1,"3":0,"4":0,"5":0,"6":0},"b":{"0":[0,0],"1":[0,0],"2":[0,0],"3":[2,0],"4":[2,0]},"_coverageSchema":"1a1c01bbd47fc00a2c39e90264f33305004495a9","hash":"3d2a3e9c36a3501cc76bc9f812ccb687f5e5c9b0"}
,"D:\\Ignite\\GoFinances\\src\\screens\\Register\\styles.ts": {"path":"D:\\Ignite\\GoFinances\\src\\screens\\Register\\styles.ts","statementMap":{"0":{"start":{"line":4,"column":25},"end":{"line":7,"column":1}},"1":{"start":{"line":6,"column":37},"end":{"line":6,"column":64}},"2":{"start":{"line":9,"column":22},"end":{"line":16,"column":1}},"3":{"start":{"line":10,"column":37},"end":{"line":10,"column":61}},"4":{"start":{"line":18,"column":21},"end":{"line":22,"column":1}},"5":{"start":{"line":19,"column":32},"end":{"line":19,"column":51}},"6":{"start":{"line":21,"column":26},"end":{"line":21,"column":48}},"7":{"start":{"line":24,"column":20},"end":{"line":29,"column":1}},"8":{"start":{"line":31,"column":22},"end":{"line":31,"column":35}},"9":{"start":{"line":33,"column":33},"end":{"line":38,"column":1}}},"fnMap":{"0":{"name":"(anonymous_0)","decl":{"start":{"line":6,"column":22},"end":{"line":6,"column":23}},"loc":{"start":{"line":6,"column":37},"end":{"line":6,"column":64}},"line":6},"1":{"name":"(anonymous_1)","decl":{"start":{"line":10,"column":22},"end":{"line":10,"column":23}},"loc":{"start":{"line":10,"column":37},"end":{"line":10,"column":61}},"line":10},"2":{"name":"(anonymous_2)","decl":{"start":{"line":19,"column":17},"end":{"line":19,"column":18}},"loc":{"start":{"line":19,"column":32},"end":{"line":19,"column":51}},"line":19},"3":{"name":"(anonymous_3)","decl":{"start":{"line":21,"column":11},"end":{"line":21,"column":12}},"loc":{"start":{"line":21,"column":26},"end":{"line":21,"column":48}},"line":21}},"branchMap":{},"s":{"0":1,"1":2,"2":1,"3":2,"4":1,"5":2,"6":2,"7":1,"8":1,"9":1},"f":{"0":2,"1":2,"2":2,"3":2},"b":{},"_coverageSchema":"1a1c01bbd47fc00a2c39e90264f33305004495a9","hash":"ce781fa8b91b5df2db790f1ce37339f0e2198227"}
,"D:\\Ignite\\GoFinances\\src\\utils\\categories.ts": {"path":"D:\\Ignite\\GoFinances\\src\\utils\\categories.ts","statementMap":{"0":{"start":{"line":1,"column":26},"end":{"line":8,"column":1}}},"fnMap":{},"branchMap":{},"s":{"0":1},"f":{},"b":{},"_coverageSchema":"1a1c01bbd47fc00a2c39e90264f33305004495a9","hash":"48e48ac761c55525f3da51d2aa21e8c799501db5"}
}
