TN:
SF:src\components\Form\Button\index.tsx
FN:11,Button
FNF:1
FNH:1
FNDA:4,Button
DA:16,4
LF:1
LH:1
BRF:0
BRH:0
end_of_record
TN:
SF:src\components\Form\Button\styles.ts
FN:7,(anonymous_0)
FN:14,(anonymous_1)
FN:16,(anonymous_2)
FNF:3
FNH:3
FNDA:4,(anonymous_0)
FNDA:4,(anonymous_1)
FNDA:4,(anonymous_2)
DA:5,1
DA:7,4
DA:13,1
DA:14,4
DA:16,4
LF:5
LH:5
BRF:0
BRH:0
end_of_record
TN:
SF:src\components\Form\CategorySelectButton\index.tsx
FN:15,CategorySelectButton
FNF:1
FNH:1
FNDA:2,CategorySelectButton
DA:19,2
LF:1
LH:1
BRF:0
BRH:0
end_of_record
TN:
SF:src\components\Form\CategorySelectButton\styles.ts
FN:9,(anonymous_0)
FN:18,(anonymous_1)
FN:20,(anonymous_2)
FN:25,(anonymous_3)
FNF:4
FNH:4
FNDA:2,(anonymous_0)
FNDA:2,(anonymous_1)
FNDA:2,(anonymous_2)
FNDA:2,(anonymous_3)
DA:6,1
DA:9,2
DA:17,1
DA:18,2
DA:20,2
DA:23,1
DA:25,2
LF:7
LH:7
BRF:0
BRH:0
end_of_record
TN:
SF:src\components\Form\Input\index.tsx
FN:10,Input
FNF:1
FNH:1
FNDA:5,Input
DA:14,5
LF:1
LH:1
BRDA:11,0,0,4
BRF:1
BRH:1
end_of_record
TN:
SF:src\components\Form\Input\styles.ts
FN:11,(anonymous_0)
FN:14,(anonymous_1)
FN:15,(anonymous_2)
FN:18,(anonymous_3)
FNF:4
FNH:4
FNDA:5,(anonymous_0)
FNDA:5,(anonymous_1)
FNDA:5,(anonymous_2)
FNDA:5,(anonymous_3)
DA:9,2
DA:11,5
DA:14,5
DA:15,5
DA:18,5
LF:5
LH:5
BRDA:18,0,0,5
BRDA:18,0,1,1
BRF:2
BRH:2
end_of_record
TN:
SF:src\components\Form\InputForm\index.tsx
FN:15,InputForm
FN:25,(anonymous_1)
FNF:2
FNH:2
FNDA:4,InputForm
FNDA:4,(anonymous_1)
DA:21,4
DA:26,4
LF:2
LH:2
BRDA:34,0,0,4
BRDA:34,0,1,0
BRF:2
BRH:1
end_of_record
TN:
SF:src\components\Form\InputForm\styles.ts
FN:9,(anonymous_0)
FN:11,(anonymous_1)
FNF:2
FNH:0
FNDA:0,(anonymous_0)
FNDA:0,(anonymous_1)
DA:4,1
DA:8,1
DA:9,0
DA:11,0
LF:4
LH:2
BRF:0
BRH:0
end_of_record
TN:
SF:src\components\Form\TransactionTypeButton\index.tsx
FN:21,TransacationTypeButton
FNF:1
FNH:1
FNDA:4,TransacationTypeButton
DA:10,1
DA:27,4
LF:2
LH:2
BRF:0
BRH:0
end_of_record
TN:
SF:src\components\Form\TransactionTypeButton\styles.ts
FN:17,(anonymous_0)
FN:19,(anonymous_1)
FN:21,(anonymous_2)
FN:22,(anonymous_3)
FN:24,(anonymous_4)
FN:25,(anonymous_5)
FN:39,(anonymous_6)
FN:44,(anonymous_7)
FN:46,(anonymous_8)
FNF:9
FNH:7
FNDA:4,(anonymous_0)
FNDA:4,(anonymous_1)
FNDA:4,(anonymous_2)
FNDA:0,(anonymous_3)
FNDA:4,(anonymous_4)
FNDA:0,(anonymous_5)
FNDA:4,(anonymous_6)
FNDA:4,(anonymous_7)
FNDA:4,(anonymous_8)
DA:15,1
DA:17,4
DA:19,4
DA:21,4
DA:22,0
DA:24,4
DA:25,0
DA:29,1
DA:36,1
DA:40,4
DA:43,1
DA:44,4
DA:46,4
LF:13
LH:11
BRDA:17,0,0,0
BRDA:17,0,1,4
BRDA:21,1,0,4
BRDA:21,1,1,0
BRDA:21,1,2,0
BRDA:24,2,0,4
BRDA:24,2,1,0
BRDA:24,2,2,0
BRDA:40,3,0,2
BRDA:40,3,1,2
BRF:10
BRH:5
end_of_record
TN:
SF:src\global\styles\theme.ts
FNF:0
FNH:0
LF:0
LH:0
BRF:0
BRH:0
end_of_record
TN:
SF:src\hooks\auth.tsx
FN:35,AuthProvider
FN:41,signInWithGoogle
FN:64,signInWithApple
FN:89,signOut
FN:94,(anonymous_4)
FN:95,loadUserStorageData
FN:120,useAuth
FNF:7
FNH:5
FNDA:5,AuthProvider
FNDA:2,signInWithGoogle
FNDA:0,signInWithApple
FNDA:0,signOut
FNDA:2,(anonymous_4)
FNDA:2,loadUserStorageData
FNDA:7,useAuth
DA:32,2
DA:36,5
DA:37,5
DA:39,5
DA:42,2
DA:43,2
DA:49,2
DA:50,1
DA:56,1
DA:57,1
DA:60,0
DA:65,0
DA:66,0
DA:73,0
DA:74,0
DA:75,0
DA:81,0
DA:82,0
DA:85,0
DA:90,0
DA:91,0
DA:94,5
DA:96,2
DA:98,2
DA:99,0
DA:100,0
DA:102,2
DA:104,2
DA:107,5
DA:121,7
DA:122,7
LF:31
LH:18
BRDA:49,0,0,1
BRDA:49,0,1,1
BRDA:73,1,0,0
BRDA:73,1,1,0
BRDA:98,2,0,0
BRDA:98,2,1,2
BRF:6
BRH:3
end_of_record
TN:
SF:src\screens\CategorySelect\index.tsx
FN:29,CategorySelect
FN:35,handleCategorySelect
FN:49,(anonymous_2)
FN:50,(anonymous_3)
FN:52,(anonymous_4)
FN:59,(anonymous_5)
FNF:6
FNH:4
FNDA:2,CategorySelect
FNDA:0,handleCategorySelect
FNDA:12,(anonymous_2)
FNDA:12,(anonymous_3)
FNDA:0,(anonymous_4)
FNDA:10,(anonymous_5)
DA:36,0
DA:39,2
DA:49,12
DA:51,12
DA:52,0
DA:59,10
LF:6
LH:4
BRF:0
BRH:0
end_of_record
TN:
SF:src\screens\CategorySelect\styles.ts
FN:15,(anonymous_0)
FN:21,(anonymous_1)
FN:28,(anonymous_2)
FN:30,(anonymous_3)
FN:38,(anonymous_4)
FN:46,(anonymous_5)
FN:50,(anonymous_6)
FN:52,(anonymous_7)
FN:58,(anonymous_8)
FNF:9
FNH:9
FNDA:2,(anonymous_0)
FNDA:2,(anonymous_1)
FNDA:2,(anonymous_2)
FNDA:2,(anonymous_3)
FNDA:12,(anonymous_4)
FNDA:12,(anonymous_5)
FNDA:12,(anonymous_6)
FNDA:12,(anonymous_7)
FNDA:10,(anonymous_8)
DA:13,1
DA:15,2
DA:18,1
DA:21,2
DA:27,1
DA:28,2
DA:30,2
DA:33,1
DA:39,12
DA:43,1
DA:46,12
DA:49,1
DA:50,12
DA:52,12
DA:55,1
DA:58,10
DA:61,1
LF:17
LH:17
BRDA:39,0,0,0
BRDA:39,0,1,12
BRF:2
BRH:1
end_of_record
TN:
SF:src\screens\Profile\index.tsx
FN:10,Profile
FN:32,(anonymous_1)
FNF:2
FNH:1
FNDA:3,Profile
FNDA:0,(anonymous_1)
DA:11,3
LF:1
LH:1
BRF:0
BRH:0
end_of_record
TN:
SF:src\screens\Register\index.tsx
FN:48,Register
FN:70,handleTransactionTypeSelect
FN:74,handleOpenSelectCategoryModal
FN:78,handleCloseSelectCategoryModal
FN:82,handleRegister
FN:161,(anonymous_5)
FN:167,(anonymous_6)
FNF:7
FNH:2
FNDA:2,Register
FNDA:0,handleTransactionTypeSelect
FNDA:1,handleOpenSelectCategoryModal
FNDA:0,handleCloseSelectCategoryModal
FNDA:0,handleRegister
FNDA:0,(anonymous_5)
FNDA:0,(anonymous_6)
DA:39,1
DA:49,2
DA:50,2
DA:52,2
DA:54,2
DA:59,2
DA:66,2
DA:71,0
DA:75,1
DA:79,0
DA:83,0
DA:84,0
DA:87,0
DA:88,0
DA:91,0
DA:100,0
DA:101,0
DA:103,0
DA:104,0
DA:106,0
DA:111,0
DA:113,0
DA:114,0
DA:115,0
DA:120,0
DA:123,0
DA:124,0
DA:129,2
DA:161,0
DA:167,0
LF:30
LH:9
BRDA:83,0,0,0
BRDA:83,0,1,0
BRDA:87,1,0,0
BRDA:87,1,1,0
BRDA:104,2,0,0
BRDA:104,2,1,0
BRDA:147,3,0,2
BRDA:147,3,1,0
BRDA:155,4,0,2
BRDA:155,4,1,0
BRF:10
BRH:2
end_of_record
TN:
SF:src\screens\Register\styles.ts
FN:6,(anonymous_0)
FN:10,(anonymous_1)
FN:19,(anonymous_2)
FN:21,(anonymous_3)
FNF:4
FNH:4
FNDA:2,(anonymous_0)
FNDA:2,(anonymous_1)
FNDA:2,(anonymous_2)
FNDA:2,(anonymous_3)
DA:4,1
DA:6,2
DA:9,1
DA:10,2
DA:18,1
DA:19,2
DA:21,2
DA:24,1
DA:31,1
DA:33,1
LF:10
LH:10
BRF:0
BRH:0
end_of_record
TN:
SF:src\utils\categories.ts
FNF:0
FNH:0
DA:1,1
LF:1
LH:1
BRF:0
BRH:0
end_of_record
